mode: set
github.com/letsgo-framework/letsgo-mux/controllers/auth_controller.go:40.17,69.16 10 1
github.com/letsgo-framework/letsgo-mux/controllers/auth_controller.go:69.16,71.3 1 0
github.com/letsgo-framework/letsgo-mux/controllers/auth_controller.go:75.61,83.16 4 1
github.com/letsgo-framework/letsgo-mux/controllers/auth_controller.go:86.2,86.116 1 1
github.com/letsgo-framework/letsgo-mux/controllers/auth_controller.go:83.16,85.3 1 0
github.com/letsgo-framework/letsgo-mux/controllers/auth_controller.go:90.55,92.2 1 1
github.com/letsgo-framework/letsgo-mux/controllers/auth_controller.go:95.53,97.19 2 1
github.com/letsgo-framework/letsgo-mux/controllers/auth_controller.go:101.2,101.104 1 0
github.com/letsgo-framework/letsgo-mux/controllers/auth_controller.go:97.19,100.3 2 1
github.com/letsgo-framework/letsgo-mux/controllers/auth_controller.go:105.55,107.16 2 1
github.com/letsgo-framework/letsgo-mux/controllers/auth_controller.go:113.2,116.16 3 1
github.com/letsgo-framework/letsgo-mux/controllers/auth_controller.go:122.2,128.16 5 1
github.com/letsgo-framework/letsgo-mux/controllers/auth_controller.go:132.2,133.16 2 1
github.com/letsgo-framework/letsgo-mux/controllers/auth_controller.go:137.2,137.100 1 1
github.com/letsgo-framework/letsgo-mux/controllers/auth_controller.go:107.16,110.3 2 0
github.com/letsgo-framework/letsgo-mux/controllers/auth_controller.go:116.16,120.3 3 0
github.com/letsgo-framework/letsgo-mux/controllers/auth_controller.go:128.16,131.3 2 0
github.com/letsgo-framework/letsgo-mux/controllers/auth_controller.go:133.16,136.3 2 0
github.com/letsgo-framework/letsgo-mux/controllers/auth_controller.go:141.45,144.16 3 1
github.com/letsgo-framework/letsgo-mux/controllers/auth_controller.go:148.2,149.18 2 1
github.com/letsgo-framework/letsgo-mux/controllers/auth_controller.go:144.16,146.3 1 0
github.com/letsgo-framework/letsgo-mux/controllers/auth_controller.go:153.43,158.2 3 1
github.com/letsgo-framework/letsgo-mux/controllers/auth_controller.go:160.66,167.16 4 1
github.com/letsgo-framework/letsgo-mux/controllers/auth_controller.go:171.2,173.23 2 1
github.com/letsgo-framework/letsgo-mux/controllers/auth_controller.go:167.16,170.3 2 0
github.com/letsgo-framework/letsgo-mux/controllers/auth_controller.go:173.23,176.3 2 0
github.com/letsgo-framework/letsgo-mux/controllers/auth_controller.go:176.8,179.3 2 1
github.com/letsgo-framework/letsgo-mux/main.go:14.13,22.16 3 0
github.com/letsgo-framework/letsgo-mux/main.go:28.2,33.16 4 0
github.com/letsgo-framework/letsgo-mux/main.go:37.2,38.30 2 0
github.com/letsgo-framework/letsgo-mux/main.go:22.16,24.3 1 0
github.com/letsgo-framework/letsgo-mux/main.go:24.8,26.3 1 0
github.com/letsgo-framework/letsgo-mux/main.go:33.16,35.3 1 0
github.com/letsgo-framework/letsgo-mux/jobs/greeter_job.go:7.14,9.2 1 0
github.com/letsgo-framework/letsgo-mux/database/collections.go:5.41,7.2 1 1
github.com/letsgo-framework/letsgo-mux/database/database.go:34.49,36.17 2 1
github.com/letsgo-framework/letsgo-mux/database/database.go:41.2,45.16 4 1
github.com/letsgo-framework/letsgo-mux/database/database.go:48.2,50.16 3 1
github.com/letsgo-framework/letsgo-mux/database/database.go:55.2,57.19 2 1
github.com/letsgo-framework/letsgo-mux/database/database.go:36.17,40.3 3 1
github.com/letsgo-framework/letsgo-mux/database/database.go:45.16,47.3 1 0
github.com/letsgo-framework/letsgo-mux/database/database.go:50.16,52.3 1 1
github.com/letsgo-framework/letsgo-mux/database/database.go:52.8,54.3 1 0
github.com/letsgo-framework/letsgo-mux/database/database.go:61.53,63.16 2 1
github.com/letsgo-framework/letsgo-mux/database/database.go:66.2,67.17 2 1
github.com/letsgo-framework/letsgo-mux/database/database.go:72.2,77.16 6 1
github.com/letsgo-framework/letsgo-mux/database/database.go:80.2,81.16 2 1
github.com/letsgo-framework/letsgo-mux/database/database.go:87.2,87.19 1 1
github.com/letsgo-framework/letsgo-mux/database/database.go:63.16,65.3 1 0
github.com/letsgo-framework/letsgo-mux/database/database.go:67.17,71.3 3 1
github.com/letsgo-framework/letsgo-mux/database/database.go:77.16,79.3 1 0
github.com/letsgo-framework/letsgo-mux/database/database.go:81.16,83.3 1 1
github.com/letsgo-framework/letsgo-mux/database/database.go:83.8,85.3 1 0
github.com/letsgo-framework/letsgo-mux/helpers/helpers.go:8.76,14.2 4 1
github.com/letsgo-framework/letsgo-mux/middlewares/auth.go:10.43,11.71 1 1
github.com/letsgo-framework/letsgo-mux/middlewares/auth.go:11.71,13.17 2 1
github.com/letsgo-framework/letsgo-mux/middlewares/auth.go:17.3,17.23 1 1
github.com/letsgo-framework/letsgo-mux/middlewares/auth.go:13.17,16.4 2 1
github.com/letsgo-framework/letsgo-mux/routes/routes.go:22.31,41.2 8 1
github.com/letsgo-framework/letsgo-mux/log/letslog.go:59.22,61.20 2 1
github.com/letsgo-framework/letsgo-mux/log/letslog.go:65.2,65.17 1 1
github.com/letsgo-framework/letsgo-mux/log/letslog.go:61.20,63.3 1 1
github.com/letsgo-framework/letsgo-mux/log/letslog.go:69.37,70.22 1 1
github.com/letsgo-framework/letsgo-mux/log/letslog.go:75.2,75.15 1 0
github.com/letsgo-framework/letsgo-mux/log/letslog.go:70.22,71.13 1 1
github.com/letsgo-framework/letsgo-mux/log/letslog.go:71.13,73.4 1 1
github.com/letsgo-framework/letsgo-mux/log/letslog.go:78.75,84.23 5 1
github.com/letsgo-framework/letsgo-mux/log/letslog.go:84.23,85.48 1 1
github.com/letsgo-framework/letsgo-mux/log/letslog.go:85.48,89.24 4 1
github.com/letsgo-framework/letsgo-mux/log/letslog.go:89.24,91.5 1 1
github.com/letsgo-framework/letsgo-mux/log/letslog.go:93.8,94.48 1 0
github.com/letsgo-framework/letsgo-mux/log/letslog.go:94.48,98.24 4 0
github.com/letsgo-framework/letsgo-mux/log/letslog.go:98.24,100.5 1 0
github.com/letsgo-framework/letsgo-mux/log/letslog.go:105.76,111.23 5 1
github.com/letsgo-framework/letsgo-mux/log/letslog.go:111.23,112.33 1 1
github.com/letsgo-framework/letsgo-mux/log/letslog.go:112.33,116.24 4 0
github.com/letsgo-framework/letsgo-mux/log/letslog.go:116.24,119.5 2 0
github.com/letsgo-framework/letsgo-mux/log/letslog.go:121.8,122.33 1 0
github.com/letsgo-framework/letsgo-mux/log/letslog.go:122.33,126.24 4 0
github.com/letsgo-framework/letsgo-mux/log/letslog.go:126.24,129.5 2 0
github.com/letsgo-framework/letsgo-mux/log/letslog.go:134.38,139.2 3 1
github.com/letsgo-framework/letsgo-mux/log/letslog.go:141.23,143.2 1 0
github.com/letsgo-framework/letsgo-mux/log/letslog.go:145.21,159.27 4 1
github.com/letsgo-framework/letsgo-mux/log/letslog.go:169.2,169.27 1 1
github.com/letsgo-framework/letsgo-mux/log/letslog.go:179.2,179.27 1 1
github.com/letsgo-framework/letsgo-mux/log/letslog.go:188.2,188.27 1 1
github.com/letsgo-framework/letsgo-mux/log/letslog.go:198.2,198.43 1 1
github.com/letsgo-framework/letsgo-mux/log/letslog.go:159.27,168.3 8 1
github.com/letsgo-framework/letsgo-mux/log/letslog.go:169.27,178.3 8 0
github.com/letsgo-framework/letsgo-mux/log/letslog.go:179.27,187.3 7 0
github.com/letsgo-framework/letsgo-mux/log/letslog.go:188.27,196.3 7 0
github.com/letsgo-framework/letsgo-mux/routes/auth_routes.go:10.50,28.2 6 1
github.com/letsgo-framework/letsgo-mux/jobs/greeter_job_mail.go:7.21,13.2 1 0
github.com/letsgo-framework/letsgo-mux/controllers/greeter_controller.go:18.52,28.2 2 1
github.com/letsgo-framework/letsgo-mux/mail/mail.go:27.42,29.2 1 0
github.com/letsgo-framework/letsgo-mux/mail/mail.go:31.47,44.2 9 0
github.com/letsgo-framework/letsgo-mux/mail/mail.go:46.82,66.16 15 0
github.com/letsgo-framework/letsgo-mux/mail/mail.go:69.2,69.47 1 0
github.com/letsgo-framework/letsgo-mux/mail/mail.go:76.2,76.41 1 0
github.com/letsgo-framework/letsgo-mux/mail/mail.go:80.2,80.45 1 0
github.com/letsgo-framework/letsgo-mux/mail/mail.go:83.2,83.26 1 0
github.com/letsgo-framework/letsgo-mux/mail/mail.go:89.2,90.16 2 0
github.com/letsgo-framework/letsgo-mux/mail/mail.go:94.2,95.16 2 0
github.com/letsgo-framework/letsgo-mux/mail/mail.go:99.2,100.16 2 0
github.com/letsgo-framework/letsgo-mux/mail/mail.go:104.2,106.39 2 0
github.com/letsgo-framework/letsgo-mux/mail/mail.go:66.16,68.3 1 0
github.com/letsgo-framework/letsgo-mux/mail/mail.go:69.47,71.48 2 0
github.com/letsgo-framework/letsgo-mux/mail/mail.go:71.48,73.4 1 0
github.com/letsgo-framework/letsgo-mux/mail/mail.go:76.41,78.3 1 0
github.com/letsgo-framework/letsgo-mux/mail/mail.go:80.45,82.3 1 0
github.com/letsgo-framework/letsgo-mux/mail/mail.go:83.26,84.39 1 0
github.com/letsgo-framework/letsgo-mux/mail/mail.go:84.39,86.4 1 0
github.com/letsgo-framework/letsgo-mux/mail/mail.go:90.16,92.3 1 0
github.com/letsgo-framework/letsgo-mux/mail/mail.go:95.16,97.3 1 0
github.com/letsgo-framework/letsgo-mux/mail/mail.go:100.16,102.3 1 0
github.com/letsgo-framework/letsgo-mux/jobs/jobs.go:7.23,16.2 5 0
