mode: set
github.com/letsgo-framework/letsgo-mux/database/collections.go:6.41,8.2 1 1
github.com/letsgo-framework/letsgo-mux/controllers/auth_controller.go:41.17,70.16 10 1
github.com/letsgo-framework/letsgo-mux/controllers/auth_controller.go:70.16,72.3 1 0
github.com/letsgo-framework/letsgo-mux/controllers/auth_controller.go:76.61,84.16 4 1
github.com/letsgo-framework/letsgo-mux/controllers/auth_controller.go:87.2,87.116 1 1
github.com/letsgo-framework/letsgo-mux/controllers/auth_controller.go:84.16,86.3 1 0
github.com/letsgo-framework/letsgo-mux/controllers/auth_controller.go:91.55,93.2 1 1
github.com/letsgo-framework/letsgo-mux/controllers/auth_controller.go:96.53,98.19 2 1
github.com/letsgo-framework/letsgo-mux/controllers/auth_controller.go:102.2,102.104 1 0
github.com/letsgo-framework/letsgo-mux/controllers/auth_controller.go:98.19,101.3 2 1
github.com/letsgo-framework/letsgo-mux/controllers/auth_controller.go:106.55,108.16 2 1
github.com/letsgo-framework/letsgo-mux/controllers/auth_controller.go:114.2,117.16 3 1
github.com/letsgo-framework/letsgo-mux/controllers/auth_controller.go:123.2,129.16 5 1
github.com/letsgo-framework/letsgo-mux/controllers/auth_controller.go:133.2,134.16 2 1
github.com/letsgo-framework/letsgo-mux/controllers/auth_controller.go:138.2,138.100 1 1
github.com/letsgo-framework/letsgo-mux/controllers/auth_controller.go:108.16,111.3 2 0
github.com/letsgo-framework/letsgo-mux/controllers/auth_controller.go:117.16,121.3 3 0
github.com/letsgo-framework/letsgo-mux/controllers/auth_controller.go:129.16,132.3 2 0
github.com/letsgo-framework/letsgo-mux/controllers/auth_controller.go:134.16,137.3 2 0
github.com/letsgo-framework/letsgo-mux/controllers/auth_controller.go:142.45,145.16 3 1
github.com/letsgo-framework/letsgo-mux/controllers/auth_controller.go:149.2,150.18 2 1
github.com/letsgo-framework/letsgo-mux/controllers/auth_controller.go:145.16,147.3 1 0
github.com/letsgo-framework/letsgo-mux/controllers/auth_controller.go:154.43,159.2 3 1
github.com/letsgo-framework/letsgo-mux/controllers/auth_controller.go:161.66,168.16 4 1
github.com/letsgo-framework/letsgo-mux/controllers/auth_controller.go:172.2,174.23 2 1
github.com/letsgo-framework/letsgo-mux/controllers/auth_controller.go:168.16,171.3 2 0
github.com/letsgo-framework/letsgo-mux/controllers/auth_controller.go:174.23,177.3 2 0
github.com/letsgo-framework/letsgo-mux/controllers/auth_controller.go:177.8,180.3 2 1
github.com/letsgo-framework/letsgo-mux/middlewares/auth.go:10.43,11.71 1 1
github.com/letsgo-framework/letsgo-mux/middlewares/auth.go:11.71,13.17 2 1
github.com/letsgo-framework/letsgo-mux/middlewares/auth.go:17.3,17.23 1 1
github.com/letsgo-framework/letsgo-mux/middlewares/auth.go:13.17,16.4 2 1
github.com/letsgo-framework/letsgo-mux/routes/auth_routes.go:11.50,23.2 6 1
github.com/letsgo-framework/letsgo-mux/main.go:14.13,22.16 3 0
github.com/letsgo-framework/letsgo-mux/main.go:28.2,33.16 4 0
github.com/letsgo-framework/letsgo-mux/main.go:37.2,39.38 2 0
github.com/letsgo-framework/letsgo-mux/main.go:22.16,24.3 1 0
github.com/letsgo-framework/letsgo-mux/main.go:24.8,26.3 1 0
github.com/letsgo-framework/letsgo-mux/main.go:33.16,35.3 1 0
github.com/letsgo-framework/letsgo-mux/main.go:39.38,41.3 1 0
github.com/letsgo-framework/letsgo-mux/main.go:41.8,43.3 1 0
github.com/letsgo-framework/letsgo-mux/jobs/greeter_job.go:8.14,10.2 1 0
github.com/letsgo-framework/letsgo-mux/log/letslog.go:61.22,63.20 2 1
github.com/letsgo-framework/letsgo-mux/log/letslog.go:67.2,67.17 1 1
github.com/letsgo-framework/letsgo-mux/log/letslog.go:63.20,65.3 1 1
github.com/letsgo-framework/letsgo-mux/log/letslog.go:70.37,71.22 1 1
github.com/letsgo-framework/letsgo-mux/log/letslog.go:76.2,76.15 1 0
github.com/letsgo-framework/letsgo-mux/log/letslog.go:71.22,72.13 1 1
github.com/letsgo-framework/letsgo-mux/log/letslog.go:72.13,74.4 1 1
github.com/letsgo-framework/letsgo-mux/log/letslog.go:79.75,85.23 5 1
github.com/letsgo-framework/letsgo-mux/log/letslog.go:85.23,86.48 1 1
github.com/letsgo-framework/letsgo-mux/log/letslog.go:86.48,90.24 4 1
github.com/letsgo-framework/letsgo-mux/log/letslog.go:90.24,92.5 1 1
github.com/letsgo-framework/letsgo-mux/log/letslog.go:94.8,95.48 1 0
github.com/letsgo-framework/letsgo-mux/log/letslog.go:95.48,99.24 4 0
github.com/letsgo-framework/letsgo-mux/log/letslog.go:99.24,101.5 1 0
github.com/letsgo-framework/letsgo-mux/log/letslog.go:106.76,112.23 5 1
github.com/letsgo-framework/letsgo-mux/log/letslog.go:112.23,113.33 1 1
github.com/letsgo-framework/letsgo-mux/log/letslog.go:113.33,117.24 4 0
github.com/letsgo-framework/letsgo-mux/log/letslog.go:117.24,120.5 2 0
github.com/letsgo-framework/letsgo-mux/log/letslog.go:122.8,123.33 1 0
github.com/letsgo-framework/letsgo-mux/log/letslog.go:123.33,127.24 4 0
github.com/letsgo-framework/letsgo-mux/log/letslog.go:127.24,130.5 2 0
github.com/letsgo-framework/letsgo-mux/log/letslog.go:135.38,140.2 3 1
github.com/letsgo-framework/letsgo-mux/log/letslog.go:143.23,145.2 1 0
github.com/letsgo-framework/letsgo-mux/log/letslog.go:148.21,162.27 4 1
github.com/letsgo-framework/letsgo-mux/log/letslog.go:172.2,172.27 1 1
github.com/letsgo-framework/letsgo-mux/log/letslog.go:182.2,182.27 1 1
github.com/letsgo-framework/letsgo-mux/log/letslog.go:191.2,191.27 1 1
github.com/letsgo-framework/letsgo-mux/log/letslog.go:201.2,201.43 1 1
github.com/letsgo-framework/letsgo-mux/log/letslog.go:162.27,171.3 8 1
github.com/letsgo-framework/letsgo-mux/log/letslog.go:172.27,181.3 8 0
github.com/letsgo-framework/letsgo-mux/log/letslog.go:182.27,190.3 7 0
github.com/letsgo-framework/letsgo-mux/log/letslog.go:191.27,199.3 7 0
github.com/letsgo-framework/letsgo-mux/database/database.go:34.49,36.17 2 1
github.com/letsgo-framework/letsgo-mux/database/database.go:41.2,45.16 4 1
github.com/letsgo-framework/letsgo-mux/database/database.go:48.2,50.16 3 1
github.com/letsgo-framework/letsgo-mux/database/database.go:55.2,57.19 2 1
github.com/letsgo-framework/letsgo-mux/database/database.go:36.17,40.3 3 1
github.com/letsgo-framework/letsgo-mux/database/database.go:45.16,47.3 1 0
github.com/letsgo-framework/letsgo-mux/database/database.go:50.16,52.3 1 1
github.com/letsgo-framework/letsgo-mux/database/database.go:52.8,54.3 1 0
github.com/letsgo-framework/letsgo-mux/database/database.go:61.53,63.16 2 1
github.com/letsgo-framework/letsgo-mux/database/database.go:66.2,67.17 2 1
github.com/letsgo-framework/letsgo-mux/database/database.go:72.2,77.16 6 1
github.com/letsgo-framework/letsgo-mux/database/database.go:80.2,81.16 2 1
github.com/letsgo-framework/letsgo-mux/database/database.go:87.2,87.19 1 1
github.com/letsgo-framework/letsgo-mux/database/database.go:63.16,65.3 1 0
github.com/letsgo-framework/letsgo-mux/database/database.go:67.17,71.3 3 1
github.com/letsgo-framework/letsgo-mux/database/database.go:77.16,79.3 1 0
github.com/letsgo-framework/letsgo-mux/database/database.go:81.16,83.3 1 1
github.com/letsgo-framework/letsgo-mux/database/database.go:83.8,85.3 1 0
github.com/letsgo-framework/letsgo-mux/helpers/helpers.go:9.76,15.2 4 1
github.com/letsgo-framework/letsgo-mux/controllers/greeter_controller.go:18.52,28.2 2 1
github.com/letsgo-framework/letsgo-mux/routes/routes.go:22.31,41.2 8 1
github.com/letsgo-framework/letsgo-mux/mail/mail.go:30.42,32.2 1 0
github.com/letsgo-framework/letsgo-mux/mail/mail.go:35.47,48.2 9 0
github.com/letsgo-framework/letsgo-mux/mail/mail.go:51.82,71.16 15 0
github.com/letsgo-framework/letsgo-mux/mail/mail.go:74.2,74.47 1 0
github.com/letsgo-framework/letsgo-mux/mail/mail.go:81.2,81.41 1 0
github.com/letsgo-framework/letsgo-mux/mail/mail.go:85.2,85.45 1 0
github.com/letsgo-framework/letsgo-mux/mail/mail.go:88.2,88.26 1 0
github.com/letsgo-framework/letsgo-mux/mail/mail.go:94.2,95.16 2 0
github.com/letsgo-framework/letsgo-mux/mail/mail.go:99.2,100.16 2 0
github.com/letsgo-framework/letsgo-mux/mail/mail.go:104.2,105.16 2 0
github.com/letsgo-framework/letsgo-mux/mail/mail.go:109.2,111.39 2 0
github.com/letsgo-framework/letsgo-mux/mail/mail.go:71.16,73.3 1 0
github.com/letsgo-framework/letsgo-mux/mail/mail.go:74.47,76.48 2 0
github.com/letsgo-framework/letsgo-mux/mail/mail.go:76.48,78.4 1 0
github.com/letsgo-framework/letsgo-mux/mail/mail.go:81.41,83.3 1 0
github.com/letsgo-framework/letsgo-mux/mail/mail.go:85.45,87.3 1 0
github.com/letsgo-framework/letsgo-mux/mail/mail.go:88.26,89.39 1 0
github.com/letsgo-framework/letsgo-mux/mail/mail.go:89.39,91.4 1 0
github.com/letsgo-framework/letsgo-mux/mail/mail.go:95.16,97.3 1 0
github.com/letsgo-framework/letsgo-mux/mail/mail.go:100.16,102.3 1 0
github.com/letsgo-framework/letsgo-mux/mail/mail.go:105.16,107.3 1 0
github.com/letsgo-framework/letsgo-mux/jobs/greeter_job_mail.go:8.21,14.2 1 0
github.com/letsgo-framework/letsgo-mux/jobs/jobs.go:8.23,17.2 5 0
